<?xml version="1.0" encoding="UTF-8"?>
<!-- Generated by org.testng.reporters.JUnitReportReporter -->
<testsuite skipped="0" hostname="Loritas-Air.hsd1.ca.comcast.net" name="test.LoginTest" tests="1" failures="0" timestamp="2020-01-29T13:58:59 PST" time="7.262" errors="0">
  <testcase name="userShouldBeAbleToLogIn" time="7.262" classname="test.LoginTest"/>
</testsuite> <!-- test.LoginTest -->
