<?xml version="1.0" encoding="UTF-8"?>
<!-- Generated by org.testng.reporters.JUnitReportReporter -->
<testsuite skipped="0" hostname="Loritas-MacBook-Air.local" name="test.QuickDraftTest" tests="1" failures="0" timestamp="2020-02-23T17:24:06 CST" time="9.134" errors="0">
  <testcase name="userShouldBeAbleToPostDraft" time="9.134" classname="test.QuickDraftTest"/>
</testsuite> <!-- test.QuickDraftTest -->
